2019-03-18 23:24:26.949 [Timer-0] INFO  by.epam.thread.threads.RepeatTask -
     0    41    93    56    10    13    37    36    24    91
    83     0    77    78    30    42    21    86    80    32
    16    24     0    57    71     7     2    93     3    68
    76    40    31     0    57     8    44    42    55    97
    72    78    68    49     0    49    36    78    61    78
    85    32    59    58    76     0    60    19     6    12
    91    34    51    23    80    24     0    21    59    71
    94    67    77    28    25    59    17     0    77    11
     1    84    49    40    53    69    87    60     0     7
    73    42     5    18    13    34    95    61    66     0

2019-03-18 23:24:26.978 [Thread-10] INFO  by.epam.thread.threads.MatrixAction - Put in Value Basket: key = 10 , value = 539
2019-03-18 23:24:26.964 [Thread-8] INFO  by.epam.thread.threads.MatrixAction - Put in Value Basket: key = 8 , value = 415
2019-03-18 23:24:26.964 [Thread-4] INFO  by.epam.thread.threads.MatrixAction - Put in Value Basket: key = 4 , value = 405
2019-03-18 23:24:26.978 [Thread-9] INFO  by.epam.thread.threads.MatrixAction - Put in Value Basket: key = 9 , value = 459
2019-03-18 23:24:26.979 [Thread-5] INFO  by.epam.thread.threads.MatrixAction - Put in Value Basket: key = 5 , value = 412
2019-03-18 23:24:26.979 [Thread-3] INFO  by.epam.thread.threads.MatrixAction - Put in Value Basket: key = 3 , value = 344
2019-03-18 23:24:26.964 [Thread-6] INFO  by.epam.thread.threads.MatrixAction - Put in Value Basket: key = 6 , value = 460
2019-03-18 23:24:26.979 [Thread-1] INFO  by.epam.thread.threads.MatrixAction - Put in Value Basket: key = 1 , value = 451
2019-03-18 23:24:26.979 [Thread-7] INFO  by.epam.thread.threads.MatrixAction - Put in Value Basket: key = 7 , value = 462
2019-03-18 23:24:26.979 [Thread-2] INFO  by.epam.thread.threads.MatrixAction - Put in Value Basket: key = 2 , value = 571
2019-03-18 23:24:33.984 [Timer-0] INFO  by.epam.thread.threads.RepeatTask -
     4    41    93    56    10    13    37    36    24    91
    83    10    77    78    30    42    21    86    80    32
    16    24     3    57    71     7     2    93     3    68
    76    40    31     1    57     8    44    42    55    97
    72    78    68    49     2    49    36    78    61    78
    85    32    59    58    76     8    60    19     6    12
    91    34    51    23    80    24     6    21    59    71
    94    67    77    28    25    59    17     7    77    11
     1    84    49    40    53    69    87    60     9     7
    73    42     5    18    13    34    95    61    66     5

2019-03-18 23:24:33.984 [Timer-0] INFO  by.epam.thread.threads.RepeatTask -
Value Basket
Key = 1, Value = 451
Key = 2, Value = 571
Key = 3, Value = 344
Key = 5, Value = 412
Key = 6, Value = 460
Key = 7, Value = 462
Key = 8, Value = 415
Key = 9, Value = 459
Key = 10, Value = 539

2019-03-18 23:24:46.945 [Timer-0] INFO  by.epam.thread.threads.RepeatTask -
     0    80    45    33     9    46    75    74    51    12
    62     0    60    95    36    68    43    93    33    80
    38    83     0    21    27    40    25    60    26    26
    72    71     3     0    62    14    90    96    89    31
    11    95    30    40     0    20    42    95    54    74
    60    73    41    50    70     0    83     7     7    97
    54    44    83    74    87    12     0    27    56    11
    95    97    16    75    44    65    88     0    37    38
    94    62    89     2     8    59     3    32     0    13
    34    47    42    87    87    71     7    69    46     0

2019-03-18 23:24:46.950 [Thread-11] INFO  by.epam.thread.threads.MatrixAction - Put in Value Basket: key = 11 , value = 436
2019-03-18 23:24:46.953 [Thread-13] INFO  by.epam.thread.threads.MatrixAction - Put in Value Basket: key = 13 , value = 359
2019-03-18 23:24:46.953 [Thread-16] INFO  by.epam.thread.threads.MatrixAction - Put in Value Basket: key = 16 , value = 586
2019-03-18 23:24:46.954 [Thread-15] INFO  by.epam.thread.threads.MatrixAction - Put in Value Basket: key = 15 , value = 543
2019-03-18 23:24:46.954 [Thread-14] INFO  by.epam.thread.threads.MatrixAction - Put in Value Basket: key = 14 , value = 542
2019-03-18 23:24:46.960 [Thread-20] INFO  by.epam.thread.threads.MatrixAction - Put in Value Basket: key = 20 , value = 468
2019-03-18 23:24:46.958 [Thread-12] INFO  by.epam.thread.threads.MatrixAction - Put in Value Basket: key = 12 , value = 500
2019-03-18 23:24:46.960 [Thread-18] INFO  by.epam.thread.threads.MatrixAction - Put in Value Basket: key = 18 , value = 573
2019-03-18 23:24:46.960 [Thread-19] INFO  by.epam.thread.threads.MatrixAction - Put in Value Basket: key = 19 , value = 381
2019-03-18 23:24:46.959 [Thread-17] INFO  by.epam.thread.threads.MatrixAction - Put in Value Basket: key = 17 , value = 478
2019-03-18 23:24:53.963 [Timer-0] INFO  by.epam.thread.threads.RepeatTask -
    11    80    45    33     9    46    75    74    51    12
    62    16    60    95    36    68    43    93    33    80
    38    83    13    21    27    40    25    60    26    26
    72    71     3    14    62    14    90    96    89    31
    11    95    30    40    17    20    42    95    54    74
    60    73    41    50    70    12    83     7     7    97
    54    44    83    74    87    12    20    27    56    11
    95    97    16    75    44    65    88    18    37    38
    94    62    89     2     8    59     3    32    19    13
    34    47    42    87    87    71     7    69    46     0

2019-03-18 23:24:53.963 [Timer-0] INFO  by.epam.thread.threads.RepeatTask -
Value Basket
Key = 1, Value = 451
Key = 2, Value = 571
Key = 3, Value = 344
Key = 5, Value = 412
Key = 6, Value = 460
Key = 7, Value = 462
Key = 8, Value = 415
Key = 9, Value = 459
Key = 10, Value = 539
Key = 11, Value = 436
Key = 12, Value = 500
Key = 13, Value = 359
Key = 14, Value = 542
Key = 15, Value = 543
Key = 16, Value = 586
Key = 17, Value = 478
Key = 18, Value = 573
Key = 19, Value = 381
Key = 20, Value = 468

2019-03-18 23:25:06.945 [Timer-0] INFO  by.epam.thread.threads.RepeatTask -
     0    73    15    21     9    52    14    59    48    88
    57     0     1    20    39    52    19    27    19    63
    17    94     0    12     3    31    82    60    71    39
    96    11    56     0    51    63    72    34     6    16
    95    60    33    45     0    17    39    96     9    13
    87    61     6    87    46     0    87    98    57    49
    33    55    11    28    66    44     0    77    74    86
    34    92    10    11     8    23    59     0    19    73
    36    88    46    59    40    57    90     2     0    33
    10    52    96    54    73    55    82    11    48     0

2019-03-18 23:25:06.946 [Thread-21] INFO  by.epam.thread.threads.MatrixAction - Put in Value Basket: key = 21 , value = 400
2019-03-18 23:25:06.946 [Thread-23] INFO  by.epam.thread.threads.MatrixAction - Put in Value Basket: key = 23 , value = 320
2019-03-18 23:25:06.947 [Thread-30] INFO  by.epam.thread.threads.MatrixAction - Put in Value Basket: key = 30 , value = 435
2019-03-18 23:25:06.947 [Thread-22] INFO  by.epam.thread.threads.MatrixAction - Put in Value Basket: key = 22 , value = 431
2019-03-18 23:25:06.947 [Thread-25] INFO  by.epam.thread.threads.MatrixAction - Put in Value Basket: key = 25 , value = 432
2019-03-18 23:25:06.948 [Thread-24] INFO  by.epam.thread.threads.MatrixAction - Put in Value Basket: key = 24 , value = 505
2019-03-18 23:25:06.948 [Thread-27] INFO  by.epam.thread.threads.MatrixAction - Put in Value Basket: key = 27 , value = 605
2019-03-18 23:25:06.948 [Thread-28] INFO  by.epam.thread.threads.MatrixAction - Put in Value Basket: key = 28 , value = 479
2019-03-18 23:25:06.948 [Thread-29] INFO  by.epam.thread.threads.MatrixAction - Put in Value Basket: key = 29 , value = 503
2019-03-18 23:25:06.948 [Thread-26] INFO  by.epam.thread.threads.MatrixAction - Put in Value Basket: key = 26 , value = 3552019-03-18 23:29:00.447 [Timer-0] INFO  by.epam.thread.threads.RepeatTask -
     0    95    97    85    20     7    54    32    30    79
    97     0    84    85    21    30    37    70    83    54
    89    29     0    37    73    76     9    30    34    80
    55    78    10     0    11    30    45    21    90    11
    55    96     7    15     0    33    47    36    90    69
    19    41    29    46    60     0    62    84    34    65
    92    84    42    16    44    49     0    12    10    58
    25    80    22     5    74    34    37     0    38     4
    95    64    93    82    73    35    34    21     0    85
    35    67     3    45    78    62    45    43    35     0

2019-03-18 23:29:00.475 [Thread-10] INFO  by.epam.thread.threads.MatrixAction - Put in Value Basket: key = 10 , value = 571
2019-03-18 23:29:00.475 [Thread-4] INFO  by.epam.thread.threads.MatrixAction - Put in Value Basket: key = 4 , value = 462
2019-03-18 23:29:00.475 [Thread-6] INFO  by.epam.thread.threads.MatrixAction - Put in Value Basket: key = 6 , value = 454
2019-03-18 23:29:00.489 [Thread-3] INFO  by.epam.thread.threads.MatrixAction - Put in Value Basket: key = 3 , value = 322
2019-03-18 23:29:00.489 [Thread-2] INFO  by.epam.thread.threads.MatrixAction - Put in Value Basket: key = 2 , value = 584
2019-03-18 23:29:00.490 [Thread-5] INFO  by.epam.thread.threads.MatrixAction - Put in Value Basket: key = 5 , value = 462
2019-03-18 23:29:00.490 [Thread-1] INFO  by.epam.thread.threads.MatrixAction - Put in Value Basket: key = 1 , value = 352
2019-03-18 23:29:00.490 [Thread-9] INFO  by.epam.thread.threads.MatrixAction - Put in Value Basket: key = 9 , value = 416
2019-03-18 23:29:00.490 [Thread-8] INFO  by.epam.thread.threads.MatrixAction - Put in Value Basket: key = 8 , value = 448
2019-03-18 23:29:00.490 [Thread-7] INFO  by.epam.thread.threads.MatrixAction - Put in Value Basket: key = 7 , value = 506
2019-03-18 23:29:07.471 [Timer-0] INFO  by.epam.thread.threads.RepeatTask -
     7    95    97    85    20     7    54    32    30    79
    97    10    84    85    21    30    37    70    83    54
    89    29     5    37    73    76     9    30    34    80
    55    78    10     1    11    30    45    21    90    11
    55    96     7    15     6    33    47    36    90    69
    19    41    29    46    60     8    62    84    34    65
    92    84    42    16    44    49     9    12    10    58
    25    80    22     5    74    34    37     3    38     4
    95    64    93    82    73    35    34    21     2    85
    35    67     3    45    78    62    45    43    35     0

2019-03-18 23:29:07.471 [Timer-0] INFO  by.epam.thread.threads.RepeatTask -
Value Basket
Key = 1, Value = 352
Key = 2, Value = 584
Key = 3, Value = 322
Key = 4, Value = 462
Key = 5, Value = 462
Key = 6, Value = 454
Key = 8, Value = 448
Key = 9, Value = 416
Key = 10, Value = 571

2019-03-18 23:29:20.459 [Timer-0] INFO  by.epam.thread.threads.RepeatTask -
     0    45    47    56    63    18    22    94    95    41
    91     0    86    56    88    20    34     2    96    18
    19    20     0    45    47    14     4    68     8    63
    64    68    46     0    91    93    95    66     5    55
    83    22    75    40     0    19    24    15    73    81
    12    45    19    32    11     0    70    50    78    93
    97    95    24    77    61    43     0    14    35     1
    95    46    86    56    32    19    30     0    88     3
    76    48    70    50    90    24    34     0     0    49
    59    15    24    50    13    94    87    61    87     0

2019-03-18 23:29:20.469 [Thread-17] INFO  by.epam.thread.threads.MatrixAction - Put in Value Basket: key = 17 , value = 464
2019-03-18 23:29:20.468 [Thread-13] INFO  by.epam.thread.threads.MatrixAction - Put in Value Basket: key = 13 , value = 445
2019-03-18 23:29:20.466 [Thread-15] INFO  by.epam.thread.threads.MatrixAction - Put in Value Basket: key = 15 , value = 303
2019-03-18 23:29:20.459 [Thread-11] INFO  by.epam.thread.threads.MatrixAction - Put in Value Basket: key = 11 , value = 492
2019-03-18 23:29:20.473 [Thread-19] INFO  by.epam.thread.threads.MatrixAction - Put in Value Basket: key = 19 , value = 474
2019-03-18 23:29:20.467 [Thread-12] INFO  by.epam.thread.threads.MatrixAction - Put in Value Basket: key = 12 , value = 595
2019-03-18 23:29:20.474 [Thread-18] INFO  by.epam.thread.threads.MatrixAction - Put in Value Basket: key = 18 , value = 459
2019-03-18 23:29:20.474 [Thread-20] INFO  by.epam.thread.threads.MatrixAction - Put in Value Basket: key = 20 , value = 510
2019-03-18 23:29:20.466 [Thread-14] INFO  by.epam.thread.threads.MatrixAction - Put in Value Basket: key = 14 , value = 505
2019-03-18 23:29:20.469 [Thread-16] INFO  by.epam.thread.threads.MatrixAction - Put in Value Basket: key = 16 , value = 426
2019-03-18 23:29:27.473 [Timer-0] INFO  by.epam.thread.threads.RepeatTask -
    11    45    47    56    63    18    22    94    95    41
    91    14    86    56    88    20    34     2    96    18
    19    20    15    45    47    14     4    68     8    63
    64    68    46    12    91    93    95    66     5    55
    83    22    75    40    13    19    24    15    73    81
    12    45    19    32    11    16    70    50    78    93
    97    95    24    77    61    43    17    14    35     1
    95    46    86    56    32    19    30    19    88     3
    76    48    70    50    90    24    34     0    18    49
    59    15    24    50    13    94    87    61    87    20

2019-03-18 23:29:27.473 [Timer-0] INFO  by.epam.thread.threads.RepeatTask -
Value Basket
Key = 1, Value = 352
Key = 2, Value = 584
Key = 3, Value = 322
Key = 4, Value = 462
Key = 5, Value = 462
Key = 6, Value = 454
Key = 8, Value = 448
Key = 9, Value = 416
Key = 10, Value = 571
Key = 11, Value = 492
Key = 12, Value = 595
Key = 13, Value = 445
Key = 14, Value = 505
Key = 15, Value = 303
Key = 16, Value = 426
Key = 17, Value = 464
Key = 18, Value = 459
Key = 19, Value = 474
Key = 20, Value = 510

2019-03-18 23:29:40.490 [Timer-0] INFO  by.epam.thread.threads.RepeatTask -
     0    58    60    48    60    32    88    95    61    78
    37     0    35     8    38    62    11    73    44    62
    69    45     0    64    53    69    79    25    57    37
    29    39    93     0    55    64    20     0    18    50
    18     3    67    49     0     8    92    66    98    43
    96    74    48     8    71     0    51     4    20    55
    48    90    65    49    39    89     0    31    55    81
    68    11    16     3    63    15    98     0    18    38
    55    75    33    26    21    17     9    46     0    15
    42    76     6    14    50     2    57    41     3     0

2019-03-18 23:29:40.496 [Thread-24] INFO  by.epam.thread.threads.MatrixAction - Put in Value Basket: key = 24 , value = 392
2019-03-18 23:29:40.496 [Thread-26] INFO  by.epam.thread.threads.MatrixAction - Put in Value Basket: key = 26 , value = 524
2019-03-18 23:29:40.495 [Thread-22] INFO  by.epam.thread.threads.MatrixAction - Put in Value Basket: key = 22 , value = 392
2019-03-18 23:29:40.494 [Thread-21] INFO  by.epam.thread.threads.MatrixAction - Put in Value Basket: key = 21 , value = 601
2019-03-18 23:29:40.501 [Thread-30] INFO  by.epam.thread.threads.MatrixAction - Put in Value Basket: key = 30 , value = 360
2019-03-18 23:29:40.500 [Thread-25] INFO  by.epam.thread.threads.MatrixAction - Put in Value Basket: key = 25 , value = 469
2019-03-18 23:29:40.501 [Thread-29] INFO  by.epam.thread.threads.MatrixAction - Put in Value Basket: key = 29 , value = 576
2019-03-18 23:29:40.500 [Thread-23] INFO  by.epam.thread.threads.MatrixAction - Put in Value Basket: key = 23 , value = 450
2019-03-18 23:29:40.503 [Thread-28] INFO  by.epam.thread.threads.MatrixAction - Put in Value Basket: key = 28 , value = 325
2019-03-18 23:29:40.503 [Thread-27] INFO  by.epam.thread.threads.MatrixAction - Put in Value Basket: key = 27 , value = 318
2019-03-18 23:29:47.505 [Timer-0] INFO  by.epam.thread.threads.RepeatTask -
    21    58    60    48    60    32    88    95    61    78
    37    22    35     8    38    62    11    73    44    62
    69    45    26    64    53    69    79    25    57    37
    29    39    93    24    55    64    20     0    18    50
    18     3    67    49    25     8    92    66    98    43
    96    74    48     8    71    23    51     4    20    55
    48    90    65    49    39    89    29    31    55    81
    68    11    16     3    63    15    98    30    18    38
    55    75    33    26    21    17     9    46    28    15
    42    76     6    14    50     2    57    41     3    27

2019-03-18 23:29:47.505 [Timer-0] INFO  by.epam.thread.threads.RepeatTask -
Value Basket
Key = 1, Value = 352
Key = 2, Value = 584
Key = 3, Value = 322
Key = 4, Value = 462
Key = 5, Value = 462
Key = 6, Value = 454
Key = 8, Value = 448
Key = 9, Value = 416
Key = 10, Value = 571
Key = 11, Value = 492
Key = 12, Value = 595
Key = 13, Value = 445
Key = 14, Value = 505
Key = 15, Value = 303
Key = 16, Value = 426
Key = 17, Value = 464
Key = 18, Value = 459
Key = 19, Value = 474
Key = 20, Value = 510
Key = 21, Value = 601
Key = 22, Value = 392
Key = 23, Value = 450
Key = 24, Value = 392
Key = 25, Value = 469
Key = 26, Value = 524
Key = 27, Value = 318
Key = 28, Value = 325
Key = 29, Value = 576
Key = 30, Value = 360

2019-03-18 23:30:00.468 [Timer-0] INFO  by.epam.thread.threads.RepeatTask -
     0    90    76     6    13    93    96    45    78    91
     3     0    71    17    53    58    15    20     4    88
    90    44     0    64    82    17    38    40    24    85
    87    58    30     0    56    37     5     7    45    57
    75    46    95    27     0    65     3    80    43     4
    85     2    18    12    93     0    88    58    23    68
     7    31    85    18    65    55     0    78    21    15
    29    60    48    64     7    96    71     0    98    44
    15    87    60    55    83    41    47    33     0    54
    51    74    95    91    10    57    43    19    12     0

2019-03-18 23:30:00.476 [Thread-33] INFO  by.epam.thread.threads.MatrixAction - Put in Value Basket: key = 33 , value = 621
2019-03-18 23:30:00.477 [Thread-32] INFO  by.epam.thread.threads.MatrixAction - Put in Value Basket: key = 32 , value = 361
2019-03-18 23:30:00.482 [Thread-31] INFO  by.epam.thread.threads.MatrixAction - Put in Value Basket: key = 31 , value = 515
2019-03-18 23:30:00.483 [Thread-34] INFO  by.epam.thread.threads.MatrixAction - Put in Value Basket: key = 34 , value = 416
2019-03-18 23:30:00.483 [Thread-36] INFO  by.epam.thread.threads.MatrixAction - Put in Value Basket: key = 36 , value = 474
2019-03-18 23:30:00.487 [Thread-38] INFO  by.epam.thread.threads.MatrixAction - Put in Value Basket: key = 38 , value = 513
2019-03-18 23:30:00.488 [Thread-40] INFO  by.epam.thread.threads.MatrixAction - Put in Value Basket: key = 40 , value = 492
2019-03-18 23:30:00.487 [Thread-35] INFO  by.epam.thread.threads.MatrixAction - Put in Value Basket: key = 35 , value = 410
2019-03-18 23:30:00.487 [Thread-37] INFO  by.epam.thread.threads.MatrixAction - Put in Value Basket: key = 37 , value = 554
2019-03-18 23:30:00.485 [Thread-39] INFO  by.epam.thread.threads.MatrixAction - Put in Value Basket: key = 39 , value = 486
2019-03-18 23:30:07.490 [Timer-0] INFO  by.epam.thread.threads.RepeatTask -
    33    90    76     6    13    93    96    45    78    91
     3    32    71    17    53    58    15    20     4    88
    90    44    31    64    82    17    38    40    24    85
    87    58    30    34    56    37     5     7    45    57
    75    46    95    27    36    65     3    80    43     4
    85     2    18    12    93    39    88    58    23    68
     7    31    85    18    65    55    35    78    21    15
    29    60    48    64     7    96    71    37    98    44
    15    87    60    55    83    41    47    33    38    54
    51    74    95    91    10    57    43    19    12    40

2019-03-18 23:30:07.490 [Timer-0] INFO  by.epam.thread.threads.RepeatTask -
Value Basket
Key = 1, Value = 352
Key = 2, Value = 584
Key = 3, Value = 322
Key = 4, Value = 462
Key = 5, Value = 462
Key = 6, Value = 454
Key = 8, Value = 448
Key = 9, Value = 416
Key = 10, Value = 571
Key = 11, Value = 492
Key = 12, Value = 595
Key = 13, Value = 445
Key = 14, Value = 505
Key = 15, Value = 303
Key = 16, Value = 426
Key = 17, Value = 464
Key = 18, Value = 459
Key = 19, Value = 474
Key = 20, Value = 510
Key = 21, Value = 601
Key = 22, Value = 392
Key = 23, Value = 450
Key = 24, Value = 392
Key = 25, Value = 469
Key = 26, Value = 524
Key = 27, Value = 318
Key = 28, Value = 325
Key = 29, Value = 576
Key = 30, Value = 360
Key = 31, Value = 515
Key = 32, Value = 361
Key = 33, Value = 621
Key = 34, Value = 416
Key = 35, Value = 410
Key = 36, Value = 474
Key = 37, Value = 554
Key = 38, Value = 513
Key = 39, Value = 486
Key = 40, Value = 492

2019-03-18 23:30:20.471 [Timer-0] INFO  by.epam.thread.threads.RepeatTask -
     0    96    47    33    80    71    97    80    69     1
    15     0    59    65     3    77    86    33    61    86
    78    22     0    38    88    17    82    53    74    73
    21    64    22     0    83    89     9    76     7    11
    27    11    30     0     0    74    14    42    10    14
    16    97    91    11    97     0    13     5    50    27
    90    69    54    43    26    79     0    76    55    61
    83    10    29    56    76    59     2     0     2     5
    18    33    83    24    42    32    81    79     0    89
    22    76    50    59    66    53    86    86    71     0

2019-03-18 23:30:20.478 [Thread-43] INFO  by.epam.thread.threads.MatrixAction - Put in Value Basket: key = 43 , value = 617
2019-03-18 23:30:20.484 [Thread-42] INFO  by.epam.thread.threads.MatrixAction - Put in Value Basket: key = 42 , value = 424
2019-03-18 23:30:20.485 [Thread-41] INFO  by.epam.thread.threads.MatrixAction - Put in Value Basket: key = 41 , value = 263
2019-03-18 23:30:20.484 [Thread-45] INFO  by.epam.thread.threads.MatrixAction - Put in Value Basket: key = 45 , value = 570
2019-03-18 23:30:20.487 [Thread-49] INFO  by.epam.thread.threads.MatrixAction - Put in Value Basket: key = 49 , value = 456
2019-03-18 23:30:20.480 [Thread-46] INFO  by.epam.thread.threads.MatrixAction - Put in Value Basket: key = 46 , value = 531
2019-03-18 23:30:20.487 [Thread-48] INFO  by.epam.thread.threads.MatrixAction - Put in Value Basket: key = 48 , value = 370
2019-03-18 23:30:20.487 [Thread-44] INFO  by.epam.thread.threads.MatrixAction - Put in Value Basket: key = 44 , value = 597
2019-03-18 23:30:20.491 [Thread-50] INFO  by.epam.thread.threads.MatrixAction - Put in Value Basket: key = 50 , value = 531
2019-03-18 23:30:20.491 [Thread-47] INFO  by.epam.thread.threads.MatrixAction - Put in Value Basket: key = 47 , value = 616
2019-03-18 23:30:27.488 [Timer-0] INFO  by.epam.thread.threads.RepeatTask -
    43    96    47    33    80    71    97    80    69     1
    15    46    59    65     3    77    86    33    61    86
    78    22    45    38    88    17    82    53    74    73
    21    64    22    42    83    89     9    76     7    11
    27    11    30     0    41    74    14    42    10    14
    16    97    91    11    97    49    13     5    50    27
    90    69    54    43    26    79    44    76    55    61
    83    10    29    56    76    59     2    48     2     5
    18    33    83    24    42    32    81    79    50    89
    22    76    50    59    66    53    86    86    71    47

2019-03-18 23:30:27.494 [Timer-0] INFO  by.epam.thread.threads.RepeatTask -
Value Basket
Key = 1, Value = 352
Key = 2, Value = 584
Key = 3, Value = 322
Key = 4, Value = 462
Key = 5, Value = 462
Key = 6, Value = 454
Key = 8, Value = 448
Key = 9, Value = 416
Key = 10, Value = 571
Key = 11, Value = 492
Key = 12, Value = 595
Key = 13, Value = 445
Key = 14, Value = 505
Key = 15, Value = 303
Key = 16, Value = 426
Key = 17, Value = 464
Key = 18, Value = 459
Key = 19, Value = 474
Key = 20, Value = 510
Key = 21, Value = 601
Key = 22, Value = 392
Key = 23, Value = 450
Key = 24, Value = 392
Key = 25, Value = 469
Key = 26, Value = 524
Key = 27, Value = 318
Key = 28, Value = 325
Key = 29, Value = 576
Key = 30, Value = 360
Key = 31, Value = 515
Key = 32, Value = 361
Key = 33, Value = 621
Key = 34, Value = 416
Key = 35, Value = 410
Key = 36, Value = 474
Key = 37, Value = 554
Key = 38, Value = 513
Key = 39, Value = 486
Key = 40, Value = 492
Key = 41, Value = 263
Key = 42, Value = 424
Key = 43, Value = 617
Key = 44, Value = 597
Key = 45, Value = 570
Key = 46, Value = 531
Key = 47, Value = 616
Key = 48, Value = 370
Key = 49, Value = 456
Key = 50, Value = 531

2019-03-18 23:30:40.505 [Timer-0] INFO  by.epam.thread.threads.RepeatTask -
     0    28    19    87    64    28    57    35    52    32
    71     0     1    66    10    85    87    30    97    58
    95    51     0     0    48    76    86    80    82    41
    15    61    19     0    45    11    12    40    23    25
    52    65    84    40     0    64    19    31    70    66
    19    90    90    71    83     0    38    60    12    77
     1    35    79    61    31    74     0    53    14     1
    89    79    73    49    23    98    19     0    18     1
    55    88    69    82    47    67    89    31     0    19
    33    32    67    51    79     8    12    21    27     0

2019-03-18 23:30:40.510 [Thread-53] INFO  by.epam.thread.threads.MatrixAction - Put in Value Basket: key = 53 , value = 455
2019-03-18 23:30:40.511 [Thread-54] INFO  by.epam.thread.threads.MatrixAction - Put in Value Basket: key = 54 , value = 613
2019-03-18 23:30:40.515 [Thread-55] INFO  by.epam.thread.threads.MatrixAction - Put in Value Basket: key = 55 , value = 546
2019-03-18 23:30:40.515 [Thread-58] INFO  by.epam.thread.threads.MatrixAction - Put in Value Basket: key = 58 , value = 598
2019-03-18 23:30:40.510 [Thread-51] INFO  by.epam.thread.threads.MatrixAction - Put in Value Basket: key = 51 , value = 556
2019-03-18 23:30:40.516 [Thread-56] INFO  by.epam.thread.threads.MatrixAction - Put in Value Basket: key = 56 , value = 405
2019-03-18 23:30:40.518 [Thread-57] INFO  by.epam.thread.threads.MatrixAction - Put in Value Basket: key = 57 , value = 604
2019-03-18 23:30:40.518 [Thread-60] INFO  by.epam.thread.threads.MatrixAction - Put in Value Basket: key = 60 , value = 509
2019-03-18 23:30:40.514 [Thread-52] INFO  by.epam.thread.threads.MatrixAction - Put in Value Basket: key = 52 , value = 303
2019-03-18 23:30:40.518 [Thread-59] INFO  by.epam.thread.threads.MatrixAction - Put in Value Basket: key = 59 , value = 389
2019-03-18 23:30:47.513 [Timer-0] INFO  by.epam.thread.threads.RepeatTask -
    53    28    19    87    64    28    57    35    52    32
    71    51     1    66    10    85    87    30    97    58
    95    51    54     0    48    76    86    80    82    41
    15    61    19    52    45    11    12    40    23    25
    52    65    84    40    55    64    19    31    70    66
    19    90    90    71    83    58    38    60    12    77
     1    35    79    61    31    74    56    53    14     1
    89    79    73    49    23    98    19    60    18     1
    55    88    69    82    47    67    89    31    57    19
    33    32    67    51    79     8    12    21    27    59

2019-03-18 23:30:47.513 [Timer-0] INFO  by.epam.thread.threads.RepeatTask -
Value Basket
Key = 1, Value = 352
Key = 2, Value = 584
Key = 3, Value = 322
Key = 4, Value = 462
Key = 5, Value = 462
Key = 6, Value = 454
Key = 8, Value = 448
Key = 9, Value = 416
Key = 10, Value = 571
Key = 11, Value = 492
Key = 12, Value = 595
Key = 13, Value = 445
Key = 14, Value = 505
Key = 15, Value = 303
Key = 16, Value = 426
Key = 17, Value = 464
Key = 18, Value = 459
Key = 19, Value = 474
Key = 20, Value = 510
Key = 21, Value = 601
Key = 22, Value = 392
Key = 23, Value = 450
Key = 24, Value = 392
Key = 25, Value = 469
Key = 26, Value = 524
Key = 27, Value = 318
Key = 28, Value = 325
Key = 29, Value = 576
Key = 30, Value = 360
Key = 31, Value = 515
Key = 32, Value = 361
Key = 33, Value = 621
Key = 34, Value = 416
Key = 35, Value = 410
Key = 36, Value = 474
Key = 37, Value = 554
Key = 38, Value = 513
Key = 39, Value = 486
Key = 40, Value = 492
Key = 41, Value = 263
Key = 42, Value = 424
Key = 43, Value = 617
Key = 44, Value = 597
Key = 45, Value = 570
Key = 46, Value = 531
Key = 47, Value = 616
Key = 48, Value = 370
Key = 49, Value = 456
Key = 50, Value = 531
Key = 51, Value = 556
Key = 52, Value = 303
Key = 53, Value = 455
Key = 54, Value = 613
Key = 55, Value = 546
Key = 56, Value = 405
Key = 57, Value = 604
Key = 58, Value = 598
Key = 59, Value = 389
Key = 60, Value = 509
2019-03-19 18:50:43.220 [Timer-0] INFO  by.epam.thread.threads.RepeatTask -
     0    73    23    55    13    98    40    30    11    44
     1     0    49    73    82    31    36    63    84    24
    55    22     0    30    38    57    86    18    11    61
    80    91    61     0     3    85    42    15    65    84
    34     1    71    87     0    16     9    46    50    53
    55     2    44     3    19     0     3    21    54    68
    29    55    66    54    75    63     0    88    29    38
    66    20    49    19    66     8    45     0    34    34
    60    66    51    49    51    77    62    72     0    60
    18    27    10    86    89    42    18     8    60     0

2019-03-19 18:51:06.351 [Timer-0] INFO  by.epam.thread.threads.RepeatTask -
     7    73    23    55    13    98    40    30    11    44
     1     0    49    73    82    31    36    63    84    24
    55    22     0    30    38    57    86    18    11    61
    80    91    61     0     3    85    42    15    65    84
    34     1    71    87     0    16     9    46    50    53
    55     2    44     3    19     0     3    21    54    68
    29    55    66    54    75    63     0    88    29    38
    66    20    49    19    66     8    45     0    34    34
    60    66    51    49    51    77    62    72     0    60
    18    27    10    86    89    42    18     8    60     0

2019-03-19 18:51:06.382 [Timer-0] INFO  by.epam.thread.threads.RepeatTask -
Value Basket

2019-03-19 18:52:13.208 [Timer-0] INFO  by.epam.thread.threads.RepeatTask -
     0    52    71    27     3    57    88    96    79    51
    66     0    47    74    32    92    80    72     9    47
    62    31     0    91    98    97    76    22    52    20
    25    94    23     0    64    50    73    61    40    74
    70     8    64    84     0    79    93    90    87    11
    91    53    78    37     2     0    56    55    96     1
    36    75    62     3    85    89     0    77    11     8
    72    61    57    55    52     4    57     0    62    82
    82    46    43    25    31    35     5    24     0     5
    21    44    62     6    24    88    76    18    82     0

2019-03-19 18:52:13.357 [Thread-11] INFO  by.epam.thread.threads.MatrixAction - Put in Value Basket: key = 11 , value = 519
2019-03-19 18:52:13.342 [Thread-17] INFO  by.epam.thread.threads.MatrixAction - Put in Value Basket: key = 17 , value = 519
2019-03-19 18:52:13.357 [Thread-14] INFO  by.epam.thread.threads.MatrixAction - Put in Value Basket: key = 14 , value = 519
2019-03-19 18:52:13.342 [Thread-15] INFO  by.epam.thread.threads.MatrixAction - Put in Value Basket: key = 15 , value = 519
2019-03-19 18:52:13.342 [Thread-1] INFO  by.epam.thread.threads.MatrixAction - Put in Value Basket: key = 1 , value = 583
2019-03-19 18:52:13.342 [Thread-10] INFO  by.epam.thread.threads.MatrixAction - Put in Value Basket: key = 10 , value = 391
2019-03-19 18:52:13.342 [Thread-16] INFO  by.epam.thread.threads.MatrixAction - Put in Value Basket: key = 16 , value = 540
2019-03-19 18:52:13.326 [Thread-6] INFO  by.epam.thread.threads.MatrixAction - Put in Value Basket: key = 6 , value = 583
2019-03-19 18:52:13.342 [Thread-4] INFO  by.epam.thread.threads.MatrixAction - Put in Value Basket: key = 4 , value = 583
2019-03-19 18:52:13.342 [Thread-20] INFO  by.epam.thread.threads.MatrixAction - Put in Value Basket: key = 20 , value = 519
2019-03-19 18:52:13.326 [Thread-9] INFO  by.epam.thread.threads.MatrixAction - Put in Value Basket: key = 9 , value = 444
2019-03-19 18:52:13.342 [Thread-7] INFO  by.epam.thread.threads.MatrixAction - Put in Value Basket: key = 7 , value = 583
2019-03-19 18:52:13.342 [Thread-19] INFO  by.epam.thread.threads.MatrixAction - Put in Value Basket: key = 19 , value = 519
2019-03-19 18:52:13.342 [Thread-2] INFO  by.epam.thread.threads.MatrixAction - Put in Value Basket: key = 2 , value = 454
2019-03-19 18:52:13.326 [Thread-12] INFO  by.epam.thread.threads.MatrixAction - Put in Value Basket: key = 12 , value = 519
2019-03-19 18:52:13.342 [Thread-8] INFO  by.epam.thread.threads.MatrixAction - Put in Value Basket: key = 8 , value = 535
2019-03-19 18:52:13.342 [Thread-18] INFO  by.epam.thread.threads.MatrixAction - Put in Value Basket: key = 18 , value = 542
2019-03-19 18:52:13.342 [Thread-5] INFO  by.epam.thread.threads.MatrixAction - Put in Value Basket: key = 5 , value = 583
2019-03-19 18:52:13.342 [Thread-13] INFO  by.epam.thread.threads.MatrixAction - Put in Value Basket: key = 13 , value = 519
2019-03-19 18:52:20.689 [Timer-0] INFO  by.epam.thread.threads.RepeatTask -
    16    52    71    27     3    57    88    96    79    51
    66     0    47    74    32    92    80    72     9    47
    62    31     0    91    98    97    76    22    52    20
    25    94    23     0    64    50    73    61    40    74
    70     8    64    84     0    79    93    90    87    11
    91    53    78    37     2     0    56    55    96     1
    36    75    62     3    85    89     0    77    11     8
    72    61    57    55    52     4    57     0    62    82
    82    46    43    25    31    35     5    24     0     5
    21    44    62     6    24    88    76    18    82     0

2019-03-19 18:52:20.705 [Timer-0] INFO  by.epam.thread.threads.RepeatTask -
Value Basket
Key = 1, Value = 583
Key = 2, Value = 454
Key = 4, Value = 583
Key = 5, Value = 583
Key = 6, Value = 583
Key = 7, Value = 583
Key = 8, Value = 535
Key = 9, Value = 444
Key = 10, Value = 391
Key = 11, Value = 519
Key = 12, Value = 519
Key = 13, Value = 519
Key = 14, Value = 519
Key = 15, Value = 519
Key = 16, Value = 540
Key = 17, Value = 519
Key = 18, Value = 542
Key = 19, Value = 519
Key = 20, Value = 519

2019-03-19 18:52:22.464 [Timer-0] INFO  by.epam.thread.threads.RepeatTask -
     0    89    90    91    10    40    43    85    79     8
    25     0    38    67    47    28    74    41    41     6
    96    16     0    44    61    70    17    90     1    86
     8    32    89     0    74    46     0    45    58    29
    72     6    61    10     0    91    38     7    40    56
    41     9    56    63    49     0    21    54    92    28
    13    74    14    12    58    16     0    28    42    74
    25     5    13    51    97    57     2     0    95    84
     4    36     1    62    23     2    35    24     0    61
    21    18     5    73    37    97    94     4    79     0

2019-03-19 18:52:22.464 [Thread-22] INFO  by.epam.thread.threads.MatrixAction - Put in Value Basket: key = 22 , value = 557
2019-03-19 18:52:22.488 [Thread-23] INFO  by.epam.thread.threads.MatrixAction - Put in Value Basket: key = 23 , value = 367
2019-03-19 18:52:22.493 [Thread-24] INFO  by.epam.thread.threads.MatrixAction - Put in Value Basket: key = 24 , value = 367
2019-03-19 18:52:22.496 [Thread-28] INFO  by.epam.thread.threads.MatrixAction - Put in Value Basket: key = 28 , value = 367
2019-03-19 18:52:22.496 [Thread-25] INFO  by.epam.thread.threads.MatrixAction - Put in Value Basket: key = 25 , value = 367
2019-03-19 18:52:22.507 [Thread-29] INFO  by.epam.thread.threads.MatrixAction - Put in Value Basket: key = 29 , value = 367
2019-03-19 18:52:22.513 [Thread-30] INFO  by.epam.thread.threads.MatrixAction - Put in Value Basket: key = 30 , value = 367
2019-03-19 18:52:22.516 [Thread-21] INFO  by.epam.thread.threads.MatrixAction - Put in Value Basket: key = 21 , value = 367
2019-03-19 18:52:22.516 [Thread-26] INFO  by.epam.thread.threads.MatrixAction - Put in Value Basket: key = 26 , value = 367
2019-03-19 18:52:22.516 [Thread-27] INFO  by.epam.thread.threads.MatrixAction - Put in Value Basket: key = 27 , value = 367
2019-03-19 18:52:30.933 [Timer-0] INFO  by.epam.thread.threads.RepeatTask -
    22    89    90    91    10    40    43    85    79     8
    25     0    38    67    47    28    74    41    41     6
    96    16     0    44    61    70    17    90     1    86
     8    32    89     0    74    46     0    45    58    29
    72     6    61    10     0    91    38     7    40    56
    41     9    56    63    49     0    21    54    92    28
    13    74    14    12    58    16     0    28    42    74
    25     5    13    51    97    57     2     0    95    84
     4    36     1    62    23     2    35    24     0    61
    21    18     5    73    37    97    94     4    79     0

2019-03-19 18:52:34.271 [Timer-0] INFO  by.epam.thread.threads.RepeatTask -
Value Basket
Key = 1, Value = 583
Key = 2, Value = 454
Key = 4, Value = 583
Key = 5, Value = 583
Key = 6, Value = 583
Key = 7, Value = 583
Key = 8, Value = 535
Key = 9, Value = 444
Key = 10, Value = 391
Key = 11, Value = 519
Key = 12, Value = 519
Key = 13, Value = 519
Key = 14, Value = 519
Key = 15, Value = 519
Key = 16, Value = 540
Key = 17, Value = 519
Key = 18, Value = 542
Key = 19, Value = 519
Key = 20, Value = 519
Key = 21, Value = 367
Key = 22, Value = 557
Key = 23, Value = 367
Key = 24, Value = 367
Key = 25, Value = 367
Key = 26, Value = 367
Key = 27, Value = 367
Key = 28, Value = 367
Key = 29, Value = 367
Key = 30, Value = 367

2019-03-19 18:52:43.680 [Timer-0] INFO  by.epam.thread.threads.RepeatTask -
     0    31    95    42     3    70     3    64     6    32
     1     0    63    82    26    55    87    45    97    93
    74     1     0    83    11    44    26    64    81    86
    66    67    65     0    86    52     1    50    43    74
    11    18    11    42     0    79    55    15    76     6
    72    87    98     1    63     0    23    30    79    96
    67    12    71    29    62    24     0    48    91    74
    41    73     8    72     0    74    95     0    89    66
    41    54    49    66    69    85    71    73     0    71
    30    24    21    25    37    92    13    68    11     0

2019-03-19 18:52:44.777 [Thread-34] INFO  by.epam.thread.threads.MatrixAction - Put in Value Basket: key = 34 , value = 380
2019-03-19 18:52:44.781 [Thread-36] INFO  by.epam.thread.threads.MatrixAction - Put in Value Basket: key = 36 , value = 549
2019-03-19 18:52:44.781 [Thread-31] INFO  by.epam.thread.threads.MatrixAction - Put in Value Basket: key = 31 , value = 549
2019-03-19 18:52:44.781 [Thread-32] INFO  by.epam.thread.threads.MatrixAction - Put in Value Basket: key = 32 , value = 549
2019-03-19 18:52:44.790 [Thread-35] INFO  by.epam.thread.threads.MatrixAction - Put in Value Basket: key = 35 , value = 549
2019-03-19 18:52:44.793 [Thread-33] INFO  by.epam.thread.threads.MatrixAction - Put in Value Basket: key = 33 , value = 549
2019-03-19 18:52:44.793 [Thread-37] INFO  by.epam.thread.threads.MatrixAction - Put in Value Basket: key = 37 , value = 549
2019-03-19 18:52:44.793 [Thread-39] INFO  by.epam.thread.threads.MatrixAction - Put in Value Basket: key = 39 , value = 549
2019-03-19 18:52:44.810 [Thread-38] INFO  by.epam.thread.threads.MatrixAction - Put in Value Basket: key = 38 , value = 549
2019-03-19 18:52:44.811 [Thread-40] INFO  by.epam.thread.threads.MatrixAction - Put in Value Basket: key = 40 , value = 549
2019-03-19 18:52:52.549 [Timer-0] INFO  by.epam.thread.threads.RepeatTask -
    34    31    95    42     3    70     3    64     6    32
     1     0    63    82    26    55    87    45    97    93
    74     1     0    83    11    44    26    64    81    86
    66    67    65     0    86    52     1    50    43    74
    11    18    11    42     0    79    55    15    76     6
    72    87    98     1    63     0    23    30    79    96
    67    12    71    29    62    24     0    48    91    74
    41    73     8    72     0    74    95     0    89    66
    41    54    49    66    69    85    71    73     0    71
    30    24    21    25    37    92    13    68    11     0

2019-03-19 18:52:52.556 [Timer-0] INFO  by.epam.thread.threads.RepeatTask -
Value Basket
Key = 1, Value = 583
Key = 2, Value = 454
Key = 3, Value = 461
Key = 4, Value = 583
Key = 5, Value = 583
Key = 6, Value = 583
Key = 7, Value = 583
Key = 8, Value = 535
Key = 9, Value = 444
Key = 10, Value = 391
Key = 11, Value = 519
Key = 12, Value = 519
Key = 13, Value = 519
Key = 14, Value = 519
Key = 15, Value = 519
Key = 16, Value = 540
Key = 17, Value = 519
Key = 18, Value = 542
Key = 19, Value = 519
Key = 20, Value = 519
Key = 21, Value = 367
Key = 22, Value = 557
Key = 23, Value = 367
Key = 24, Value = 367
Key = 25, Value = 367
Key = 26, Value = 367
Key = 27, Value = 367
Key = 28, Value = 367
Key = 29, Value = 367
Key = 30, Value = 367
Key = 31, Value = 549
Key = 32, Value = 549
Key = 33, Value = 549
Key = 34, Value = 380
Key = 35, Value = 549
Key = 36, Value = 549
Key = 37, Value = 549
Key = 38, Value = 549
Key = 39, Value = 549
Key = 40, Value = 549

2019-03-19 18:52:52.556 [Thread-3] INFO  by.epam.thread.threads.MatrixAction - Put in Value Basket: key = 3 , value = 461
2019-03-19 19:42:10.426 [Timer-0] INFO  by.epam.thread.threads.RepeatTask -
     0    13    71    22    15    42    45    73    76    16
    53     0    17    69    50    87    73    37    16    15
    65    79     0    34    88     4     8    17    66    79
    46    25     2     0    68    17    57    88    19    29
    29    78    61    39     0    26     6    39    44    95
    30    23     9    17    67     0    81    93     6    72
    23    37    94    75    32    51     0    45    87    17
    82    46    66    32    30    80    24     0    10    27
    56    14    11    18    68    92    79    26     0    77
    23    21    17    17    34    71    59    19    63     0

2019-03-19 19:42:10.457 [Thread-1] INFO  by.epam.thread.threads.MatrixAction - start thread #1
2019-03-19 19:42:10.462 [Thread-10] INFO  by.epam.thread.threads.MatrixAction - start thread #10
2019-03-19 19:42:10.463 [Thread-9] INFO  by.epam.thread.threads.MatrixAction - start thread #9
2019-03-19 19:42:10.465 [Thread-8] INFO  by.epam.thread.threads.MatrixAction - start thread #8
2019-03-19 19:42:10.470 [Thread-1] INFO  by.epam.thread.threads.MatrixAction - in block try #1
2019-03-19 19:42:10.471 [Thread-10] INFO  by.epam.thread.threads.MatrixAction - in block try #10
2019-03-19 19:42:10.473 [Thread-7] INFO  by.epam.thread.threads.MatrixAction - start thread #7
2019-03-19 19:42:10.507 [Thread-9] INFO  by.epam.thread.threads.MatrixAction - in block try #9
2019-03-19 19:42:10.507 [Thread-7] INFO  by.epam.thread.threads.MatrixAction - in block try #7
2019-03-19 19:42:10.507 [Thread-8] INFO  by.epam.thread.threads.MatrixAction - in block try #8
2019-03-19 19:42:10.507 [Thread-4] INFO  by.epam.thread.threads.MatrixAction - start thread #4
2019-03-19 19:42:10.507 [Thread-5] INFO  by.epam.thread.threads.MatrixAction - start thread #5
2019-03-19 19:42:10.507 [Thread-6] INFO  by.epam.thread.threads.MatrixAction - start thread #6
2019-03-19 19:42:10.513 [Thread-4] INFO  by.epam.thread.threads.MatrixAction - in block try #4
2019-03-19 19:42:10.513 [Thread-5] INFO  by.epam.thread.threads.MatrixAction - in block try #5
2019-03-19 19:42:10.512 [Thread-2] INFO  by.epam.thread.threads.MatrixAction - start thread #2
2019-03-19 19:42:10.513 [Thread-6] INFO  by.epam.thread.threads.MatrixAction - in block try #6
2019-03-19 19:42:10.517 [Thread-2] INFO  by.epam.thread.threads.MatrixAction - in block try #2
2019-03-19 19:42:10.512 [Thread-3] INFO  by.epam.thread.threads.MatrixAction - start thread #3
2019-03-19 19:42:10.522 [Thread-3] INFO  by.epam.thread.threads.MatrixAction - in block try #3
2019-03-19 19:42:10.564 [Thread-10] INFO  by.epam.thread.threads.MatrixAction - 0 10
2019-03-19 19:42:10.564 [Thread-4] INFO  by.epam.thread.threads.MatrixAction - 0 4
2019-03-19 19:42:10.564 [Thread-10] INFO  by.epam.thread.threads.MatrixAction - in block finally #10
2019-03-19 19:42:10.564 [Thread-5] INFO  by.epam.thread.threads.MatrixAction - 0 5
2019-03-19 19:42:10.580 [Thread-5] INFO  by.epam.thread.threads.MatrixAction - in block finally #5
2019-03-19 19:42:10.580 [Thread-7] INFO  by.epam.thread.threads.MatrixAction - 0 7
2019-03-19 19:42:10.580 [Thread-7] INFO  by.epam.thread.threads.MatrixAction - in block finally #7
2019-03-19 19:42:10.580 [Thread-4] INFO  by.epam.thread.threads.MatrixAction - in block finally #4
2019-03-19 19:42:10.580 [Thread-6] INFO  by.epam.thread.threads.MatrixAction - 0 6
2019-03-19 19:42:10.595 [Thread-8] INFO  by.epam.thread.threads.MatrixAction - 0 8
2019-03-19 19:42:10.595 [Thread-6] INFO  by.epam.thread.threads.MatrixAction - in block finally #6
2019-03-19 19:42:10.595 [Thread-8] INFO  by.epam.thread.threads.MatrixAction - in block finally #8
2019-03-19 19:42:10.611 [Thread-9] INFO  by.epam.thread.threads.MatrixAction - 0 9
2019-03-19 19:42:10.611 [Thread-9] INFO  by.epam.thread.threads.MatrixAction - in block finally #9
2019-03-19 19:42:10.611 [Thread-2] INFO  by.epam.thread.threads.MatrixAction - 1 2
2019-03-19 19:43:11.553 [Thread-3] INFO  by.epam.thread.threads.MatrixAction - 2 3
2019-03-19 19:43:11.584 [Thread-3] INFO  by.epam.thread.threads.MatrixAction - 3 3
2019-03-19 19:43:11.600 [Thread-3] INFO  by.epam.thread.threads.MatrixAction - 4 3
2019-03-19 19:43:11.600 [Thread-3] INFO  by.epam.thread.threads.MatrixAction - 5 3
2019-03-19 19:43:11.600 [Thread-3] INFO  by.epam.thread.threads.MatrixAction - 6 3
2019-03-19 19:43:11.600 [Thread-3] INFO  by.epam.thread.threads.MatrixAction - 7 3
2019-03-19 19:43:11.600 [Thread-3] INFO  by.epam.thread.threads.MatrixAction - 8 3
2019-03-19 19:43:11.600 [Thread-3] INFO  by.epam.thread.threads.MatrixAction - 9 3
2019-03-19 19:43:11.553 [Thread-2] INFO  by.epam.thread.threads.MatrixAction - 2 2
2019-03-19 19:43:11.615 [Thread-3] INFO  by.epam.thread.threads.MatrixAction - in block finally #3
2019-03-19 19:43:11.615 [Thread-2] INFO  by.epam.thread.threads.MatrixAction - in block finally #2
2019-03-19 19:43:11.615 [Timer-0] INFO  by.epam.thread.threads.RepeatTask -
     9    13    71    22    15    42    45    73    76    16
    53     2    17    69    50    87    73    37    16    15
    65    79     2    34    88     4     8    17    66    79
    46    25     2     3    68    17    57    88    19    29
    29    78    61    39     3    26     6    39    44    95
    30    23     9    17    67     3    81    93     6    72
    23    37    94    75    32    51     3    45    87    17
    82    46    66    32    30    80    24     3    10    27
    56    14    11    18    68    92    79    26     3    77
    23    21    17    17    34    71    59    19    63     3

2019-03-19 19:43:11.631 [Timer-0] INFO  by.epam.thread.threads.RepeatTask -
Value Basket

2019-03-19 19:43:18.067 [Timer-0] INFO  by.epam.thread.threads.RepeatTask -
     0    19    30    41    34    53    50    72    39    68
    35     0    43    91     3    43    87    71    15    39
    27    88     0    63    43    82    71    63    40    75
    62    26    35     0    50    70     1     5    38    84
    35    68    73    61     0    62    61    51    69    28
    17    94     2    90    86     0    89    36    20    63
    10    90    63    31    14    40     0    86    41    68
    71    45    40    45    10     2    97     0    58    29
    74    53    73     5    43    86    14    90     0     3
    11    77    93    41    11    63    49    29     2     0

2019-03-19 19:43:18.074 [Thread-15] INFO  by.epam.thread.threads.MatrixAction - start thread #15
2019-03-19 19:43:18.074 [Thread-14] INFO  by.epam.thread.threads.MatrixAction - start thread #14
2019-03-19 19:43:18.074 [Thread-13] INFO  by.epam.thread.threads.MatrixAction - start thread #13
2019-03-19 19:43:18.096 [Thread-12] INFO  by.epam.thread.threads.MatrixAction - start thread #12
2019-03-19 19:43:18.098 [Thread-15] INFO  by.epam.thread.threads.MatrixAction - in block try #15
2019-03-19 19:43:18.100 [Thread-13] INFO  by.epam.thread.threads.MatrixAction - in block try #13
2019-03-19 19:43:18.101 [Thread-13] INFO  by.epam.thread.threads.MatrixAction - 1 13
2019-03-19 19:43:18.099 [Thread-15] INFO  by.epam.thread.threads.MatrixAction - 0 15
2019-03-19 19:43:18.102 [Thread-12] INFO  by.epam.thread.threads.MatrixAction - in block try #12
2019-03-19 19:43:18.102 [Thread-15] INFO  by.epam.thread.threads.MatrixAction - in block finally #15
2019-03-19 19:43:18.102 [Thread-12] INFO  by.epam.thread.threads.MatrixAction - 3 12
2019-03-19 19:43:18.101 [Thread-13] INFO  by.epam.thread.threads.MatrixAction - 2 13
2019-03-19 19:43:18.102 [Thread-13] INFO  by.epam.thread.threads.MatrixAction - 5 13
2019-03-19 19:43:18.102 [Thread-13] INFO  by.epam.thread.threads.MatrixAction - 6 13
2019-03-19 19:43:18.102 [Thread-13] INFO  by.epam.thread.threads.MatrixAction - 7 13
2019-03-19 19:43:18.102 [Thread-12] INFO  by.epam.thread.threads.MatrixAction - 4 12
2019-03-19 19:43:18.102 [Thread-13] INFO  by.epam.thread.threads.MatrixAction - 8 13
2019-03-19 19:43:18.102 [Thread-13] INFO  by.epam.thread.threads.MatrixAction - in block finally #13
2019-03-19 19:43:18.100 [Thread-14] INFO  by.epam.thread.threads.MatrixAction - in block try #14
2019-03-19 19:43:18.102 [Thread-14] INFO  by.epam.thread.threads.MatrixAction - in block finally #14
2019-03-19 19:43:18.102 [Thread-12] INFO  by.epam.thread.threads.MatrixAction - 9 12
2019-03-19 19:43:18.074 [Thread-11] INFO  by.epam.thread.threads.MatrixAction - start thread #11
2019-03-19 19:43:18.115 [Thread-12] INFO  by.epam.thread.threads.MatrixAction - in block finally #12
2019-03-19 19:43:18.118 [Thread-11] INFO  by.epam.thread.threads.MatrixAction - in block try #11
2019-03-19 19:43:18.118 [Thread-20] INFO  by.epam.thread.threads.MatrixAction - start thread #20
2019-03-19 19:43:18.115 [Thread-16] INFO  by.epam.thread.threads.MatrixAction - start thread #16
2019-03-19 19:43:18.122 [Thread-11] INFO  by.epam.thread.threads.MatrixAction - in block finally #11
2019-03-19 19:43:18.122 [Thread-16] INFO  by.epam.thread.threads.MatrixAction - in block try #16
2019-03-19 19:43:18.124 [Thread-16] INFO  by.epam.thread.threads.MatrixAction - in block finally #16
2019-03-19 19:43:18.127 [Thread-20] INFO  by.epam.thread.threads.MatrixAction - in block try #20
2019-03-19 19:43:18.127 [Thread-20] INFO  by.epam.thread.threads.MatrixAction - in block finally #20
2019-03-19 19:43:18.127 [Thread-17] INFO  by.epam.thread.threads.MatrixAction - start thread #17
2019-03-19 19:43:18.127 [Thread-18] INFO  by.epam.thread.threads.MatrixAction - start thread #18
2019-03-19 19:43:18.127 [Thread-18] INFO  by.epam.thread.threads.MatrixAction - in block try #18
2019-03-19 19:43:18.127 [Thread-17] INFO  by.epam.thread.threads.MatrixAction - in block try #17
2019-03-19 19:43:18.127 [Thread-18] INFO  by.epam.thread.threads.MatrixAction - in block finally #18
2019-03-19 19:43:18.127 [Thread-17] INFO  by.epam.thread.threads.MatrixAction - in block finally #17
2019-03-19 19:43:18.127 [Thread-19] INFO  by.epam.thread.threads.MatrixAction - start thread #19
2019-03-19 19:43:18.127 [Thread-19] INFO  by.epam.thread.threads.MatrixAction - in block try #19
2019-03-19 19:43:18.127 [Thread-19] INFO  by.epam.thread.threads.MatrixAction - in block finally #19
2019-03-19 19:43:38.514 [Timer-0] INFO  by.epam.thread.threads.RepeatTask -
    15    19    30    41    34    53    50    72    39    68
    35    13    43    91     3    43    87    71    15    39
    27    88    13    63    43    82    71    63    40    75
    62    26    35    12    50    70     1     5    38    84
    35    68    73    61    12    62    61    51    69    28
    17    94     2    90    86    13    89    36    20    63
    10    90    63    31    14    40    13    86    41    68
    71    45    40    45    10     2    97    13    58    29
    74    53    73     5    43    86    14    90    13     3
    11    77    93    41    11    63    49    29     2    12

2019-03-19 19:43:38.514 [Timer-0] INFO  by.epam.thread.threads.RepeatTask -
Value Basket

2019-03-19 19:43:40.305 [Timer-0] INFO  by.epam.thread.threads.RepeatTask -
     0    64    95    82    21    45    30    80    20    83
    91     0    26     8    65    81    66    29    88    15
    18    69     0    78    57    96    60    57    25    89
    13    53     0     0    27    12    23     3    66    14
    80    14    17    18     0    38    70    85    34     5
    96     0    80    50    12     0    52     0    42    75
     7    85    94    43    89    97     0    69    74    91
    94    49     1    27    10    43    46     0    43    19
    76    12    79    15    49    63    34    72     0    60
    97     5    97    79     9    87    65    75     4     0

2019-03-19 19:43:40.305 [Thread-22] INFO  by.epam.thread.threads.MatrixAction - start thread #22
2019-03-19 19:43:40.305 [Thread-22] INFO  by.epam.thread.threads.MatrixAction - in block try #22
2019-03-19 19:43:40.305 [Thread-21] INFO  by.epam.thread.threads.MatrixAction - start thread #21
2019-03-19 19:43:40.305 [Thread-22] INFO  by.epam.thread.threads.MatrixAction - 0 22
2019-03-19 19:43:40.316 [Thread-22] INFO  by.epam.thread.threads.MatrixAction - in block finally #22
2019-03-19 19:43:40.318 [Thread-21] INFO  by.epam.thread.threads.MatrixAction - in block try #21
2019-03-19 19:43:40.318 [Thread-24] INFO  by.epam.thread.threads.MatrixAction - start thread #24
2019-03-19 19:43:40.318 [Thread-21] INFO  by.epam.thread.threads.MatrixAction - 1 21
2019-03-19 19:43:40.318 [Thread-24] INFO  by.epam.thread.threads.MatrixAction - in block try #24
2019-03-19 19:43:40.318 [Thread-24] INFO  by.epam.thread.threads.MatrixAction - 3 24
2019-03-19 19:43:40.318 [Thread-24] INFO  by.epam.thread.threads.MatrixAction - 4 24
2019-03-19 19:43:40.318 [Thread-24] INFO  by.epam.thread.threads.MatrixAction - 5 24
2019-03-19 19:43:40.318 [Thread-24] INFO  by.epam.thread.threads.MatrixAction - 6 24
2019-03-19 19:43:40.318 [Thread-24] INFO  by.epam.thread.threads.MatrixAction - 7 24
2019-03-19 19:43:40.318 [Thread-24] INFO  by.epam.thread.threads.MatrixAction - 8 24
2019-03-19 19:43:40.318 [Thread-24] INFO  by.epam.thread.threads.MatrixAction - 9 24
2019-03-19 19:43:40.318 [Thread-24] INFO  by.epam.thread.threads.MatrixAction - in block finally #24
2019-03-19 19:43:40.318 [Thread-21] INFO  by.epam.thread.threads.MatrixAction - 2 21
2019-03-19 19:43:40.318 [Thread-21] INFO  by.epam.thread.threads.MatrixAction - in block finally #21
2019-03-19 19:43:40.318 [Thread-23] INFO  by.epam.thread.threads.MatrixAction - start thread #23
2019-03-19 19:43:40.318 [Thread-25] INFO  by.epam.thread.threads.MatrixAction - start thread #25
2019-03-19 19:43:40.330 [Thread-26] INFO  by.epam.thread.threads.MatrixAction - start thread #26
2019-03-19 19:43:40.331 [Thread-26] INFO  by.epam.thread.threads.MatrixAction - in block try #26
2019-03-19 19:43:40.332 [Thread-26] INFO  by.epam.thread.threads.MatrixAction - in block finally #26
2019-03-19 19:43:40.332 [Thread-27] INFO  by.epam.thread.threads.MatrixAction - start thread #27
2019-03-19 19:43:40.333 [Thread-29] INFO  by.epam.thread.threads.MatrixAction - start thread #29
2019-03-19 19:43:40.334 [Thread-30] INFO  by.epam.thread.threads.MatrixAction - start thread #30
2019-03-19 19:43:40.336 [Thread-25] INFO  by.epam.thread.threads.MatrixAction - in block try #25
2019-03-19 19:43:40.335 [Thread-23] INFO  by.epam.thread.threads.MatrixAction - in block try #23
2019-03-19 19:43:40.337 [Thread-27] INFO  by.epam.thread.threads.MatrixAction - in block try #27
2019-03-19 19:43:40.337 [Thread-25] INFO  by.epam.thread.threads.MatrixAction - in block finally #25
2019-03-19 19:43:40.337 [Thread-27] INFO  by.epam.thread.threads.MatrixAction - in block finally #27
2019-03-19 19:43:40.338 [Thread-29] INFO  by.epam.thread.threads.MatrixAction - in block try #29
2019-03-19 19:43:40.338 [Thread-30] INFO  by.epam.thread.threads.MatrixAction - in block try #30
2019-03-19 19:43:40.338 [Thread-29] INFO  by.epam.thread.threads.MatrixAction - in block finally #29
2019-03-19 19:43:40.338 [Thread-23] INFO  by.epam.thread.threads.MatrixAction - in block finally #23
2019-03-19 19:43:40.338 [Thread-30] INFO  by.epam.thread.threads.MatrixAction - in block finally #30
2019-03-19 19:43:40.333 [Thread-28] INFO  by.epam.thread.threads.MatrixAction - start thread #28
2019-03-19 19:43:40.345 [Thread-28] INFO  by.epam.thread.threads.MatrixAction - in block try #28
2019-03-19 19:43:40.345 [Thread-28] INFO  by.epam.thread.threads.MatrixAction - in block finally #28
2019-03-19 19:44:06.244 [Timer-0] INFO  by.epam.thread.threads.RepeatTask -
    22    64    95    82    21    45    30    80    20    83
    91    21    26     8    65    81    66    29    88    15
    18    69    21    78    57    96    60    57    25    89
    13    53     0    24    27    12    23     3    66    14
    80    14    17    18    24    38    70    85    34     5
    96     0    80    50    12    24    52     0    42    75
     7    85    94    43    89    97    24    69    74    91
    94    49     1    27    10    43    46    24    43    19
    76    12    79    15    49    63    34    72    24    60
    97     5    97    79     9    87    65    75     4    24

2019-03-19 19:44:06.244 [Timer-0] INFO  by.epam.thread.threads.RepeatTask -
Value Basket

2019-03-19 19:44:07.969 [Timer-0] INFO  by.epam.thread.threads.RepeatTask -
     0    44    62    78    79    39    29    34     2     3
    80     0    76    65    15     7     8    16     1     7
    80    17     0    34     4    70     0    26    60    62
    20    69    11     0    81    41    66    49    29    66
    52    96    11    86     0    30    77    17    87    22
    35    21    87    36     6     0    26    91    24    90
    70    37    55    55    43    54     0     2    70    55
    23    44    28    77    19    58     6     0     7     2
    91    15    20    75    52    63    85    34     0    64
     7    25    40    37    88    77    39    28    15     0

2019-03-19 19:44:07.969 [Thread-31] INFO  by.epam.thread.threads.MatrixAction - start thread #31
2019-03-19 19:44:07.987 [Thread-32] INFO  by.epam.thread.threads.MatrixAction - start thread #32
2019-03-19 19:44:07.989 [Thread-33] INFO  by.epam.thread.threads.MatrixAction - start thread #33
2019-03-19 19:44:07.991 [Thread-32] INFO  by.epam.thread.threads.MatrixAction - in block try #32
2019-03-19 19:44:07.993 [Thread-32] INFO  by.epam.thread.threads.MatrixAction - 0 32
2019-03-19 19:44:07.994 [Thread-32] INFO  by.epam.thread.threads.MatrixAction - in block finally #32
2019-03-19 19:44:07.994 [Thread-33] INFO  by.epam.thread.threads.MatrixAction - in block try #33
2019-03-19 19:44:07.995 [Thread-33] INFO  by.epam.thread.threads.MatrixAction - 1 33
2019-03-19 19:44:07.995 [Thread-33] INFO  by.epam.thread.threads.MatrixAction - 2 33
2019-03-19 19:44:07.996 [Thread-33] INFO  by.epam.thread.threads.MatrixAction - 3 33
2019-03-19 19:44:07.997 [Thread-33] INFO  by.epam.thread.threads.MatrixAction - 4 33
2019-03-19 19:44:07.999 [Thread-33] INFO  by.epam.thread.threads.MatrixAction - 5 33
2019-03-19 19:44:07.999 [Thread-33] INFO  by.epam.thread.threads.MatrixAction - 6 33
2019-03-19 19:44:08.000 [Thread-33] INFO  by.epam.thread.threads.MatrixAction - 7 33
2019-03-19 19:44:08.000 [Thread-40] INFO  by.epam.thread.threads.MatrixAction - start thread #40
2019-03-19 19:44:08.002 [Thread-39] INFO  by.epam.thread.threads.MatrixAction - start thread #39
2019-03-19 19:44:08.007 [Thread-33] INFO  by.epam.thread.threads.MatrixAction - 8 33
2019-03-19 19:44:08.007 [Thread-38] INFO  by.epam.thread.threads.MatrixAction - start thread #38
2019-03-19 19:44:08.008 [Thread-33] INFO  by.epam.thread.threads.MatrixAction - 9 33
2019-03-19 19:44:08.009 [Thread-33] INFO  by.epam.thread.threads.MatrixAction - in block finally #33
2019-03-19 19:44:08.009 [Thread-40] INFO  by.epam.thread.threads.MatrixAction - in block try #40
2019-03-19 19:44:08.010 [Thread-40] INFO  by.epam.thread.threads.MatrixAction - in block finally #40
2019-03-19 19:44:08.011 [Thread-31] INFO  by.epam.thread.threads.MatrixAction - in block try #31
2019-03-19 19:44:08.011 [Thread-38] INFO  by.epam.thread.threads.MatrixAction - in block try #38
2019-03-19 19:44:08.011 [Thread-31] INFO  by.epam.thread.threads.MatrixAction - in block finally #31
2019-03-19 19:44:08.011 [Thread-38] INFO  by.epam.thread.threads.MatrixAction - in block finally #38
2019-03-19 19:44:08.011 [Thread-39] INFO  by.epam.thread.threads.MatrixAction - in block try #39
2019-03-19 19:44:08.011 [Thread-34] INFO  by.epam.thread.threads.MatrixAction - start thread #34
2019-03-19 19:44:08.011 [Thread-39] INFO  by.epam.thread.threads.MatrixAction - in block finally #39
2019-03-19 19:44:08.017 [Thread-34] INFO  by.epam.thread.threads.MatrixAction - in block try #34
2019-03-19 19:44:08.017 [Thread-34] INFO  by.epam.thread.threads.MatrixAction - in block finally #34
2019-03-19 19:44:08.016 [Thread-37] INFO  by.epam.thread.threads.MatrixAction - start thread #37
2019-03-19 19:44:08.018 [Thread-36] INFO  by.epam.thread.threads.MatrixAction - start thread #36
2019-03-19 19:44:08.019 [Thread-35] INFO  by.epam.thread.threads.MatrixAction - start thread #35
2019-03-19 19:44:08.020 [Thread-37] INFO  by.epam.thread.threads.MatrixAction - in block try #37
2019-03-19 19:44:08.020 [Thread-37] INFO  by.epam.thread.threads.MatrixAction - in block finally #37
2019-03-19 19:44:08.021 [Thread-35] INFO  by.epam.thread.threads.MatrixAction - in block try #35
2019-03-19 19:44:08.021 [Thread-36] INFO  by.epam.thread.threads.MatrixAction - in block try #36
2019-03-19 19:44:08.021 [Thread-35] INFO  by.epam.thread.threads.MatrixAction - in block finally #35
2019-03-19 19:44:08.021 [Thread-36] INFO  by.epam.thread.threads.MatrixAction - in block finally #36
2019-03-19 19:44:53.789 [Timer-0] INFO  by.epam.thread.threads.RepeatTask -
    32    44    62    78    79    39    29    34     2     3
    80    33    76    65    15     7     8    16     1     7
    80    17    33    34     4    70     0    26    60    62
    20    69    11    33    81    41    66    49    29    66
    52    96    11    86    33    30    77    17    87    22
    35    21    87    36     6    33    26    91    24    90
    70    37    55    55    43    54    33     2    70    55
    23    44    28    77    19    58     6    33     7     2
    91    15    20    75    52    63    85    34    33    64
     7    25    40    37    88    77    39    28    15    33

2019-03-19 19:44:58.158 [Timer-0] INFO  by.epam.thread.threads.RepeatTask -
Value Basket

2019-03-19 19:45:00.811 [Timer-0] INFO  by.epam.thread.threads.RepeatTask -
     0    89    80    89    46    33    89     4    30    55
    32     0    36    53    14    81    72    21    43    94
    92    80     0    35    17    19    33    40    86    35
    79    36    62     0    60    19     3    67    67    34
     9    59    44    33     0    21    82    59    98    52
    46    79    87    12    12     0    76    86    24    45
    77    22    32    39    23    10     0    86    17    65
    23    83    31    73    16     2    58     0    72     1
    14    25    52    81    24    32    87    86     0    40
    85    94     1    21    11    38    74    78    33     0

2019-03-19 19:45:00.811 [Thread-41] INFO  by.epam.thread.threads.MatrixAction - start thread #41
2019-03-19 19:45:00.822 [Thread-42] INFO  by.epam.thread.threads.MatrixAction - start thread #42
2019-03-19 19:45:00.839 [Thread-41] INFO  by.epam.thread.threads.MatrixAction - in block try #41
2019-03-19 19:45:00.841 [Thread-41] INFO  by.epam.thread.threads.MatrixAction - 0 41
2019-03-19 19:45:00.841 [Thread-42] INFO  by.epam.thread.threads.MatrixAction - in block try #42
2019-03-19 19:45:00.841 [Thread-41] INFO  by.epam.thread.threads.MatrixAction - in block finally #41
2019-03-19 19:45:00.841 [Thread-42] INFO  by.epam.thread.threads.MatrixAction - 1 42
2019-03-19 19:45:00.841 [Thread-42] INFO  by.epam.thread.threads.MatrixAction - 2 42
2019-03-19 19:45:00.841 [Thread-42] INFO  by.epam.thread.threads.MatrixAction - 3 42
2019-03-19 19:45:00.841 [Thread-42] INFO  by.epam.thread.threads.MatrixAction - 4 42
2019-03-19 19:45:00.841 [Thread-43] INFO  by.epam.thread.threads.MatrixAction - start thread #43
2019-03-19 19:45:00.844 [Thread-42] INFO  by.epam.thread.threads.MatrixAction - 5 42
2019-03-19 19:45:00.845 [Thread-42] INFO  by.epam.thread.threads.MatrixAction - 6 42
2019-03-19 19:45:00.849 [Thread-50] INFO  by.epam.thread.threads.MatrixAction - start thread #50
2019-03-19 19:45:00.850 [Thread-49] INFO  by.epam.thread.threads.MatrixAction - start thread #49
2019-03-19 19:45:00.850 [Thread-48] INFO  by.epam.thread.threads.MatrixAction - start thread #48
2019-03-19 19:45:00.851 [Thread-47] INFO  by.epam.thread.threads.MatrixAction - start thread #47
2019-03-19 19:45:00.852 [Thread-45] INFO  by.epam.thread.threads.MatrixAction - start thread #45
2019-03-19 19:45:00.851 [Thread-46] INFO  by.epam.thread.threads.MatrixAction - start thread #46
2019-03-19 19:45:00.852 [Thread-43] INFO  by.epam.thread.threads.MatrixAction - in block try #43
2019-03-19 19:45:00.853 [Thread-43] INFO  by.epam.thread.threads.MatrixAction - 8 43
2019-03-19 19:45:00.853 [Thread-43] INFO  by.epam.thread.threads.MatrixAction - 9 43
2019-03-19 19:45:00.854 [Thread-43] INFO  by.epam.thread.threads.MatrixAction - in block finally #43
2019-03-19 19:45:00.852 [Thread-44] INFO  by.epam.thread.threads.MatrixAction - start thread #44
2019-03-19 19:45:00.857 [Thread-47] INFO  by.epam.thread.threads.MatrixAction - in block try #47
2019-03-19 19:45:00.857 [Thread-47] INFO  by.epam.thread.threads.MatrixAction - in block finally #47
2019-03-19 19:45:00.855 [Thread-45] INFO  by.epam.thread.threads.MatrixAction - in block try #45
2019-03-19 19:45:00.858 [Thread-48] INFO  by.epam.thread.threads.MatrixAction - in block try #48
2019-03-19 19:45:00.859 [Thread-45] INFO  by.epam.thread.threads.MatrixAction - in block finally #45
2019-03-19 19:45:00.859 [Thread-49] INFO  by.epam.thread.threads.MatrixAction - in block try #49
2019-03-19 19:45:00.859 [Thread-44] INFO  by.epam.thread.threads.MatrixAction - in block try #44
2019-03-19 19:45:00.859 [Thread-49] INFO  by.epam.thread.threads.MatrixAction - in block finally #49
2019-03-19 19:45:00.859 [Thread-50] INFO  by.epam.thread.threads.MatrixAction - in block try #50
2019-03-19 19:45:00.847 [Thread-42] INFO  by.epam.thread.threads.MatrixAction - 7 42
2019-03-19 19:45:00.859 [Thread-44] INFO  by.epam.thread.threads.MatrixAction - in block finally #44
2019-03-19 19:45:00.859 [Thread-50] INFO  by.epam.thread.threads.MatrixAction - in block finally #50
2019-03-19 19:45:00.855 [Thread-46] INFO  by.epam.thread.threads.MatrixAction - in block try #46
2019-03-19 19:45:00.859 [Thread-48] INFO  by.epam.thread.threads.MatrixAction - in block finally #48
2019-03-19 19:45:00.859 [Thread-42] INFO  by.epam.thread.threads.MatrixAction - in block finally #42
2019-03-19 19:45:00.859 [Thread-46] INFO  by.epam.thread.threads.MatrixAction - in block finally #46
2019-03-19 19:45:15.564 [Thread-1] INFO  by.epam.thread.threads.MatrixAction - in block finally #1
